C:\USERS\E333-2013\DESKTOP\UDP_TCP\WINSOCK_TCP_BLOCKING\DEBUG\WINSOCKSERVER.EXE
C:\USERS\E333-2013\DESKTOP\UDP_TCP\WINSOCK_TCP_BLOCKING\DEBUG\WINSOCKSERVER.ILK
C:\USERS\E333-2013\DESKTOP\UDP_TCP\WINSOCK_TCP_BLOCKING\DEBUG\WINSOCKSERVER.PDB
C:\Users\e333-2013\Desktop\UDP_TCP\WinSock_TCP_Blocking\WinSockServer\Debug\cl.command.1.tlog
C:\Users\e333-2013\Desktop\UDP_TCP\WinSock_TCP_Blocking\WinSockServer\Debug\CL.read.1.tlog
C:\Users\e333-2013\Desktop\UDP_TCP\WinSock_TCP_Blocking\WinSockServer\Debug\CL.write.1.tlog
C:\Users\e333-2013\Desktop\UDP_TCP\WinSock_TCP_Blocking\WinSockServer\Debug\link.7580.read.1.tlog
C:\Users\e333-2013\Desktop\UDP_TCP\WinSock_TCP_Blocking\WinSockServer\Debug\link.7580.write.1.tlog
C:\Users\e333-2013\Desktop\UDP_TCP\WinSock_TCP_Blocking\WinSockServer\Debug\link.7580-cvtres.read.1.tlog
C:\Users\e333-2013\Desktop\UDP_TCP\WinSock_TCP_Blocking\WinSockServer\Debug\link.7580-cvtres.write.1.tlog
C:\Users\e333-2013\Desktop\UDP_TCP\WinSock_TCP_Blocking\WinSockServer\Debug\link.command.1.tlog
C:\Users\e333-2013\Desktop\UDP_TCP\WinSock_TCP_Blocking\WinSockServer\Debug\link.read.1.tlog
C:\Users\e333-2013\Desktop\UDP_TCP\WinSock_TCP_Blocking\WinSockServer\Debug\link.write.1.tlog
C:\Users\e333-2013\Desktop\UDP_TCP\WinSock_TCP_Blocking\WinSockServer\Debug\link-cvtres.read.1.tlog
C:\Users\e333-2013\Desktop\UDP_TCP\WinSock_TCP_Blocking\WinSockServer\Debug\link-cvtres.write.1.tlog
C:\Users\e333-2013\Desktop\UDP_TCP\WinSock_TCP_Blocking\WinSockServer\Debug\mt.command.1.tlog
C:\Users\e333-2013\Desktop\UDP_TCP\WinSock_TCP_Blocking\WinSockServer\Debug\mt.read.1.tlog
C:\Users\e333-2013\Desktop\UDP_TCP\WinSock_TCP_Blocking\WinSockServer\Debug\mt.write.1.tlog
C:\Users\e333-2013\Desktop\UDP_TCP\WinSock_TCP_Blocking\WinSockServer\Debug\rc.command.1.tlog
C:\Users\e333-2013\Desktop\UDP_TCP\WinSock_TCP_Blocking\WinSockServer\Debug\rc.read.1.tlog
C:\Users\e333-2013\Desktop\UDP_TCP\WinSock_TCP_Blocking\WinSockServer\Debug\rc.write.1.tlog
C:\USERS\E333-2013\DESKTOP\UDP_TCP\WINSOCK_TCP_BLOCKING\WINSOCKSERVER\DEBUG\SERVER.OBJ
C:\Users\e333-2013\Desktop\UDP_TCP\WinSock_TCP_Blocking\WinSockServer\Debug\vc100.idb
C:\USERS\E333-2013\DESKTOP\UDP_TCP\WINSOCK_TCP_BLOCKING\WINSOCKSERVER\DEBUG\VC100.PDB
C:\USERS\E333-2013\DESKTOP\UDP_TCP\WINSOCK_TCP_BLOCKING\WINSOCKSERVER\DEBUG\WINSOCKSERVER.EXE.EMBED.MANIFEST
C:\USERS\E333-2013\DESKTOP\UDP_TCP\WINSOCK_TCP_BLOCKING\WINSOCKSERVER\DEBUG\WINSOCKSERVER.EXE.EMBED.MANIFEST.RES
C:\USERS\E333-2013\DESKTOP\UDP_TCP\WINSOCK_TCP_BLOCKING\WINSOCKSERVER\DEBUG\WINSOCKSERVER.EXE.INTERMEDIATE.MANIFEST
C:\Users\e333-2013\Desktop\UDP_TCP\WinSock_TCP_Blocking\WinSockServer\Debug\WinSockServer.vcxprojResolveAssemblyReference.cache
C:\Users\e333-2013\Desktop\UDP_TCP\WinSock_TCP_Blocking\WinSockServer\Debug\WinSockServer.write.1.tlog
C:\Users\e333-2013\Desktop\UDP_TCP\WinSock_TCP_Blocking\WinSockServer\Debug\WinSockServer_manifest.rc
