Build started 10/14/2016 4:50:25 PM.
     1>Project "C:\Users\e333-2013\Desktop\UDP_TCP\WinSock_TCP_Blocking\WinSockServer\WinSockServer.vcxproj" on node 2 (build target(s)).
     1>InitializeBuildStatus:
         Creating "Debug\WinSockServer.unsuccessfulbuild" because "AlwaysCreate" was specified.
       ClCompile:
         C:\Program Files (x86)\Microsoft Visual Studio 10.0\VC\bin\CL.exe /c /ZI /nologo /W3 /WX- /Od /Oy- /D WIN32 /D _DEBUG /D _CONSOLE /D _UNICODE /D UNICODE /Gm /EHsc /RTC1 /MDd /GS /fp:precise /Zc:wchar_t /Zc:forScope /Fo"Debug\\" /Fd"Debug\vc100.pdb" /Gd /TP /analyze- /errorReport:prompt Server.cpp
         Server.cpp
       ManifestResourceCompile:
         All outputs are up-to-date.
       Link:
         C:\Program Files (x86)\Microsoft Visual Studio 10.0\VC\bin\link.exe /ERRORREPORT:PROMPT /OUT:"C:\Users\e333-2013\Desktop\UDP_TCP\WinSock_TCP_Blocking\Debug\WinSockServer.exe" /INCREMENTAL /NOLOGO Ws2_32.lib /MANIFEST /ManifestFile:"Debug\WinSockServer.exe.intermediate.manifest" /MANIFESTUAC:"level='asInvoker' uiAccess='false'" /DEBUG /PDB:"C:\Users\e333-2013\Desktop\UDP_TCP\WinSock_TCP_Blocking\Debug\WinSockServer.pdb" /SUBSYSTEM:CONSOLE /TLBID:1 /DYNAMICBASE /NXCOMPAT /IMPLIB:"C:\Users\e333-2013\Desktop\UDP_TCP\WinSock_TCP_Blocking\Debug\WinSockServer.lib" /MACHINE:X86 Debug\WinSockServer.exe.embed.manifest.res
         Debug\Server.obj
       Manifest:
         C:\Program Files (x86)\Microsoft SDKs\Windows\v7.0A\bin\mt.exe /nologo /verbose /out:"Debug\WinSockServer.exe.embed.manifest" /manifest Debug\WinSockServer.exe.intermediate.manifest
         All outputs are up-to-date.
       LinkEmbedManifest:
         All outputs are up-to-date.
         WinSockServer.vcxproj -> C:\Users\e333-2013\Desktop\UDP_TCP\WinSock_TCP_Blocking\Debug\WinSockServer.exe
       FinalizeBuildStatus:
         Deleting file "Debug\WinSockServer.unsuccessfulbuild".
         Touching "Debug\WinSockServer.lastbuildstate".
     1>Done Building Project "C:\Users\e333-2013\Desktop\UDP_TCP\WinSock_TCP_Blocking\WinSockServer\WinSockServer.vcxproj" (build target(s)).

Build succeeded.

Time Elapsed 00:00:03.65
