c:\users\e333-2013\desktop\udp_tcp\winsock_tcp_blocking\winsockclient\debug\client.obj
c:\users\e333-2013\desktop\udp_tcp\winsock_tcp_blocking\winsockclient\debug\vc100.pdb
c:\users\e333-2013\desktop\udp_tcp\winsock_tcp_blocking\debug\winsockclient.ilk
c:\users\e333-2013\desktop\udp_tcp\winsock_tcp_blocking\debug\winsockclient.exe
c:\users\e333-2013\desktop\udp_tcp\winsock_tcp_blocking\winsockclient\debug\winsockclient.exe.intermediate.manifest
c:\users\e333-2013\desktop\udp_tcp\winsock_tcp_blocking\debug\winsockclient.pdb
c:\users\e333-2013\desktop\udp_tcp\winsock_tcp_blocking\winsockclient\debug\winsockclient.exe.embed.manifest
c:\users\e333-2013\desktop\udp_tcp\winsock_tcp_blocking\winsockclient\debug\winsockclient.exe.embed.manifest.res
c:\users\zvezdana\documents\github\blok1\projclientside\winsockclient\debug\client.obj
c:\users\zvezdana\documents\github\blok1\projclientside\winsockclient\debug\cl.command.1.tlog
c:\users\zvezdana\documents\github\blok1\projclientside\winsockclient\debug\cl.read.1.tlog
c:\users\zvezdana\documents\github\blok1\projclientside\winsockclient\debug\cl.write.1.tlog
c:\users\zvezdana\documents\github\blok1\projclientside\winsockclient\debug\link-cvtres.read.1.tlog
c:\users\zvezdana\documents\github\blok1\projclientside\winsockclient\debug\link-cvtres.write.1.tlog
c:\users\zvezdana\documents\github\blok1\projclientside\winsockclient\debug\link.5984-cvtres.read.1.tlog
c:\users\zvezdana\documents\github\blok1\projclientside\winsockclient\debug\link.5984-cvtres.write.1.tlog
c:\users\zvezdana\documents\github\blok1\projclientside\winsockclient\debug\link.5984.read.1.tlog
c:\users\zvezdana\documents\github\blok1\projclientside\winsockclient\debug\link.5984.write.1.tlog
c:\users\zvezdana\documents\github\blok1\projclientside\winsockclient\debug\link.command.1.tlog
c:\users\zvezdana\documents\github\blok1\projclientside\winsockclient\debug\link.read.1.tlog
c:\users\zvezdana\documents\github\blok1\projclientside\winsockclient\debug\link.write.1.tlog
c:\users\zvezdana\documents\github\blok1\projclientside\winsockclient\debug\mt.command.1.tlog
c:\users\zvezdana\documents\github\blok1\projclientside\winsockclient\debug\mt.read.1.tlog
c:\users\zvezdana\documents\github\blok1\projclientside\winsockclient\debug\mt.write.1.tlog
c:\users\zvezdana\documents\github\blok1\projclientside\winsockclient\debug\rc.command.1.tlog
c:\users\zvezdana\documents\github\blok1\projclientside\winsockclient\debug\rc.read.1.tlog
c:\users\zvezdana\documents\github\blok1\projclientside\winsockclient\debug\rc.write.1.tlog
c:\users\zvezdana\documents\github\blok1\projclientside\winsockclient\debug\winsockclient.write.1.tlog
c:\users\zvezdana\documents\github\blok1\projclientside\winsockclient\debug\winsockclient.exe.embed.manifest
c:\users\zvezdana\documents\github\blok1\projclientside\winsockclient\debug\winsockclient.exe.intermediate.manifest
c:\users\zvezdana\documents\github\blok1\projclientside\winsockclient\debug\winsockclient.exe.embed.manifest.res
c:\users\zvezdana\documents\github\blok1\projclientside\winsockclient\debug\vc100.idb
c:\users\zvezdana\documents\github\blok1\projclientside\winsockclient\debug\vc100.pdb
c:\users\zvezdana\documents\github\blok1\projclientside\winsockclient\debug\winsockclient_manifest.rc
