C:\USERS\E333-2013\DESKTOP\UDP_TCP\WINSOCK_TCP_BLOCKING\DEBUG\WINSOCKCLIENT.EXE
C:\USERS\E333-2013\DESKTOP\UDP_TCP\WINSOCK_TCP_BLOCKING\DEBUG\WINSOCKCLIENT.ILK
C:\USERS\E333-2013\DESKTOP\UDP_TCP\WINSOCK_TCP_BLOCKING\DEBUG\WINSOCKCLIENT.PDB
C:\Users\e333-2013\Desktop\UDP_TCP\WinSock_TCP_Blocking\WinSockClient\Debug\cl.command.1.tlog
C:\Users\e333-2013\Desktop\UDP_TCP\WinSock_TCP_Blocking\WinSockClient\Debug\CL.read.1.tlog
C:\Users\e333-2013\Desktop\UDP_TCP\WinSock_TCP_Blocking\WinSockClient\Debug\CL.write.1.tlog
C:\USERS\E333-2013\DESKTOP\UDP_TCP\WINSOCK_TCP_BLOCKING\WINSOCKCLIENT\DEBUG\CLIENT.OBJ
C:\Users\e333-2013\Desktop\UDP_TCP\WinSock_TCP_Blocking\WinSockClient\Debug\link.960.read.1.tlog
C:\Users\e333-2013\Desktop\UDP_TCP\WinSock_TCP_Blocking\WinSockClient\Debug\link.960.write.1.tlog
C:\Users\e333-2013\Desktop\UDP_TCP\WinSock_TCP_Blocking\WinSockClient\Debug\link.960-cvtres.read.1.tlog
C:\Users\e333-2013\Desktop\UDP_TCP\WinSock_TCP_Blocking\WinSockClient\Debug\link.960-cvtres.write.1.tlog
C:\Users\e333-2013\Desktop\UDP_TCP\WinSock_TCP_Blocking\WinSockClient\Debug\link.command.1.tlog
C:\Users\e333-2013\Desktop\UDP_TCP\WinSock_TCP_Blocking\WinSockClient\Debug\link.read.1.tlog
C:\Users\e333-2013\Desktop\UDP_TCP\WinSock_TCP_Blocking\WinSockClient\Debug\link.write.1.tlog
C:\Users\e333-2013\Desktop\UDP_TCP\WinSock_TCP_Blocking\WinSockClient\Debug\link-cvtres.read.1.tlog
C:\Users\e333-2013\Desktop\UDP_TCP\WinSock_TCP_Blocking\WinSockClient\Debug\link-cvtres.write.1.tlog
C:\Users\e333-2013\Desktop\UDP_TCP\WinSock_TCP_Blocking\WinSockClient\Debug\mt.command.1.tlog
C:\Users\e333-2013\Desktop\UDP_TCP\WinSock_TCP_Blocking\WinSockClient\Debug\mt.read.1.tlog
C:\Users\e333-2013\Desktop\UDP_TCP\WinSock_TCP_Blocking\WinSockClient\Debug\mt.write.1.tlog
C:\Users\e333-2013\Desktop\UDP_TCP\WinSock_TCP_Blocking\WinSockClient\Debug\rc.command.1.tlog
C:\Users\e333-2013\Desktop\UDP_TCP\WinSock_TCP_Blocking\WinSockClient\Debug\rc.read.1.tlog
C:\Users\e333-2013\Desktop\UDP_TCP\WinSock_TCP_Blocking\WinSockClient\Debug\rc.write.1.tlog
C:\Users\e333-2013\Desktop\UDP_TCP\WinSock_TCP_Blocking\WinSockClient\Debug\vc100.idb
C:\USERS\E333-2013\DESKTOP\UDP_TCP\WINSOCK_TCP_BLOCKING\WINSOCKCLIENT\DEBUG\VC100.PDB
C:\USERS\E333-2013\DESKTOP\UDP_TCP\WINSOCK_TCP_BLOCKING\WINSOCKCLIENT\DEBUG\WINSOCKCLIENT.EXE.EMBED.MANIFEST
C:\USERS\E333-2013\DESKTOP\UDP_TCP\WINSOCK_TCP_BLOCKING\WINSOCKCLIENT\DEBUG\WINSOCKCLIENT.EXE.EMBED.MANIFEST.RES
C:\USERS\E333-2013\DESKTOP\UDP_TCP\WINSOCK_TCP_BLOCKING\WINSOCKCLIENT\DEBUG\WINSOCKCLIENT.EXE.INTERMEDIATE.MANIFEST
C:\Users\e333-2013\Desktop\UDP_TCP\WinSock_TCP_Blocking\WinSockClient\Debug\WinSockClient.write.1.tlog
C:\Users\e333-2013\Desktop\UDP_TCP\WinSock_TCP_Blocking\WinSockClient\Debug\WinSockClient_manifest.rc
