  Client.cpp
c:\users\zvezdana\documents\github\blok1\projclientside\winsockclient\client.cpp(111): warning C4996: 'scanf': This function or variable may be unsafe. Consider using scanf_s instead. To disable deprecation, use _CRT_SECURE_NO_WARNINGS. See online help for details.
  c:\program files (x86)\windows kits\10\include\10.0.10240.0\ucrt\stdio.h(1270): note: see declaration of 'scanf'
c:\users\zvezdana\documents\github\blok1\projclientside\winsockclient\client.cpp(228): warning C4996: 'scanf': This function or variable may be unsafe. Consider using scanf_s instead. To disable deprecation, use _CRT_SECURE_NO_WARNINGS. See online help for details.
  c:\program files (x86)\windows kits\10\include\10.0.10240.0\ucrt\stdio.h(1270): note: see declaration of 'scanf'
c:\users\zvezdana\documents\github\blok1\projclientside\winsockclient\client.cpp(206): warning C4101: 'success': unreferenced local variable
c:\users\zvezdana\documents\github\blok1\projclientside\winsockclient\client.cpp(386): warning C4996: 'inet_addr': Use inet_pton() or InetPton() instead or define _WINSOCK_DEPRECATED_NO_WARNINGS to disable deprecated API warnings
  c:\program files (x86)\windows kits\8.1\include\um\winsock2.h(1850): note: see declaration of 'inet_addr'
c:\users\zvezdana\documents\github\blok1\projclientside\winsockclient\client.cpp(397): warning C4996: 'scanf': This function or variable may be unsafe. Consider using scanf_s instead. To disable deprecation, use _CRT_SECURE_NO_WARNINGS. See online help for details.
  c:\program files (x86)\windows kits\10\include\10.0.10240.0\ucrt\stdio.h(1270): note: see declaration of 'scanf'
c:\users\zvezdana\documents\github\blok1\projclientside\winsockclient\client.cpp(419): warning C4473: 'scanf_s' : not enough arguments passed for format string
  c:\users\zvezdana\documents\github\blok1\projclientside\winsockclient\client.cpp(419): note: placeholders and their parameters expect 1 variadic arguments, but 0 were provided
  c:\users\zvezdana\documents\github\blok1\projclientside\winsockclient\client.cpp(419): note: the missing variadic argument 1 is required by format string '%d'
c:\users\zvezdana\documents\github\blok1\projclientside\winsockclient\client.cpp(351): warning C4101: 'a': unreferenced local variable
c:\users\zvezdana\documents\github\blok1\projclientside\winsockclient\client.cpp(346): warning C4101: 'sender_Id': unreferenced local variable
c:\users\zvezdana\documents\github\blok1\projclientside\winsockclient\client.cpp(353): warning C4101: 'nodeIpAddr': unreferenced local variable
c:\users\zvezdana\documents\github\blok1\projclientside\winsockclient\client.cpp(352): warning C4101: 'selectedNode': unreferenced local variable
c:\users\zvezdana\documents\github\blok1\projclientside\winsockclient\client.cpp(346): warning C4101: 'receiver_Id': unreferenced local variable
c:\users\zvezdana\documents\github\blok1\projclientside\winsockclient\client.cpp(546): warning C4996: 'strtok': This function or variable may be unsafe. Consider using strtok_s instead. To disable deprecation, use _CRT_SECURE_NO_WARNINGS. See online help for details.
  c:\program files (x86)\windows kits\10\include\10.0.10240.0\ucrt\string.h(453): note: see declaration of 'strtok'
c:\users\zvezdana\documents\github\blok1\projclientside\winsockclient\client.cpp(556): warning C4996: 'strtok': This function or variable may be unsafe. Consider using strtok_s instead. To disable deprecation, use _CRT_SECURE_NO_WARNINGS. See online help for details.
  c:\program files (x86)\windows kits\10\include\10.0.10240.0\ucrt\string.h(453): note: see declaration of 'strtok'
c:\users\zvezdana\documents\github\blok1\projclientside\winsockclient\client.cpp(576): warning C4996: 'scanf': This function or variable may be unsafe. Consider using scanf_s instead. To disable deprecation, use _CRT_SECURE_NO_WARNINGS. See online help for details.
  c:\program files (x86)\windows kits\10\include\10.0.10240.0\ucrt\stdio.h(1270): note: see declaration of 'scanf'
c:\users\zvezdana\documents\github\blok1\projclientside\winsockclient\client.cpp(518): warning C4101: 'success': unreferenced local variable
c:\users\zvezdana\documents\github\blok1\projclientside\winsockclient\client.cpp(517): warning C4101: 'ack': unreferenced local variable
c:\users\zvezdana\documents\github\blok1\projclientside\winsockclient\client.cpp(606): warning C4996: 'inet_addr': Use inet_pton() or InetPton() instead or define _WINSOCK_DEPRECATED_NO_WARNINGS to disable deprecated API warnings
  c:\program files (x86)\windows kits\8.1\include\um\winsock2.h(1850): note: see declaration of 'inet_addr'
c:\users\zvezdana\documents\github\blok1\projclientside\winsockclient\client.cpp(645): warning C4101: 'msgHeader': unreferenced local variable
c:\users\zvezdana\documents\github\blok1\projclientside\winsockclient\client.cpp(646): warning C4101: 'content': unreferenced local variable
  WinSockClient.vcxproj -> C:\Users\Zvezdana\Documents\GitHub\blok1\ProjClientSide\Debug\Client.exe
  WinSockClient.vcxproj -> C:\Users\Zvezdana\Documents\GitHub\blok1\ProjClientSide\Debug\Client.pdb (Full PDB)
