C:\Program Files (x86)\MSBuild\Microsoft.Cpp\v4.0\V140\Microsoft.CppBuild.targets(392,5): warning MSB8028: The intermediate directory (Debug\) contains files shared from another project (Client.vcxproj).  This can lead to incorrect clean and rebuild behavior.
  Master.cpp
c:\users\zvezdana\documents\github\blok1\projserverside\master\master.cpp(54): warning C4101: 'nodeSender_Id': unreferenced local variable
c:\users\zvezdana\documents\github\blok1\projserverside\master\master.cpp(54): warning C4101: 'nodeReceiver_Id': unreferenced local variable
c:\users\zvezdana\documents\github\blok1\projserverside\master\master.cpp(53): warning C4101: 'nodeSender': unreferenced local variable
c:\users\zvezdana\documents\github\blok1\projserverside\master\master.cpp(61): warning C4101: 'size': unreferenced local variable
c:\users\zvezdana\documents\github\blok1\projserverside\master\master.cpp(53): warning C4101: 'nodeReceiver': unreferenced local variable
c:\users\zvezdana\documents\github\blok1\projserverside\master\master.cpp(270): warning C4101: 'clientReceiver': unreferenced local variable
c:\users\zvezdana\documents\github\blok1\projserverside\master\master.cpp(270): warning C4101: 'clientSender': unreferenced local variable
c:\users\zvezdana\documents\github\blok1\projserverside\master\master.cpp(271): warning C4101: 'clientReceiver_Id': unreferenced local variable
c:\users\zvezdana\documents\github\blok1\projserverside\master\master.cpp(271): warning C4101: 'clientSender_Id': unreferenced local variable
c:\users\zvezdana\documents\github\blok1\projserverside\master\master.cpp(467): warning C4473: 'scanf_s' : not enough arguments passed for format string
  c:\users\zvezdana\documents\github\blok1\projserverside\master\master.cpp(467): note: placeholders and their parameters expect 1 variadic arguments, but 0 were provided
  c:\users\zvezdana\documents\github\blok1\projserverside\master\master.cpp(467): note: the missing variadic argument 1 is required by format string '%d'
c:\users\zvezdana\documents\github\blok1\projserverside\master\master.cpp(427): warning C4101: 'iResult': unreferenced local variable
c:\users\zvezdana\documents\github\blok1\projserverside\master\master.cpp(426): warning C4101: 'result': unreferenced local variable
c:\users\zvezdana\documents\github\blok1\projserverside\master\master.cpp(431): warning C4101: 'msgHeader': unreferenced local variable
c:\users\zvezdana\documents\github\blok1\projserverside\master\master.cpp(432): warning C4101: 'content': unreferenced local variable
c:\users\zvezdana\documents\github\blok1\projserverside\master\master.cpp(491): warning C4101: 'content': unreferenced local variable
c:\users\zvezdana\documents\github\blok1\projserverside\master\master.cpp(604): warning C4996: 'strcpy': This function or variable may be unsafe. Consider using strcpy_s instead. To disable deprecation, use _CRT_SECURE_NO_WARNINGS. See online help for details.
  c:\program files (x86)\windows kits\10\include\10.0.10240.0\ucrt\string.h(119): note: see declaration of 'strcpy'
  WinSockClient.vcxproj -> C:\Users\Zvezdana\Documents\GitHub\blok1\ProjServerSide\Debug\Master.exe
  WinSockClient.vcxproj -> C:\Users\Zvezdana\Documents\GitHub\blok1\ProjServerSide\Debug\Master.pdb (Full PDB)
