  Node.cpp
c:\users\zvezdana\documents\github\blok1\projserverside\node\node.cpp(78): warning C4996: 'strtok': This function or variable may be unsafe. Consider using strtok_s instead. To disable deprecation, use _CRT_SECURE_NO_WARNINGS. See online help for details.
  c:\program files (x86)\windows kits\10\include\10.0.10240.0\ucrt\string.h(453): note: see declaration of 'strtok'
c:\users\zvezdana\documents\github\blok1\projserverside\node\node.cpp(88): warning C4996: 'strtok': This function or variable may be unsafe. Consider using strtok_s instead. To disable deprecation, use _CRT_SECURE_NO_WARNINGS. See online help for details.
  c:\program files (x86)\windows kits\10\include\10.0.10240.0\ucrt\string.h(453): note: see declaration of 'strtok'
c:\users\zvezdana\documents\github\blok1\projserverside\node\node.cpp(53): warning C4101: 'success': unreferenced local variable
c:\users\zvezdana\documents\github\blok1\projserverside\node\node.cpp(52): warning C4101: 'ack': unreferenced local variable
c:\users\zvezdana\documents\github\blok1\projserverside\node\node.cpp(103): warning C4101: 'nodeSender_Id': unreferenced local variable
c:\users\zvezdana\documents\github\blok1\projserverside\node\node.cpp(103): warning C4101: 'nodeReceiver_Id': unreferenced local variable
c:\users\zvezdana\documents\github\blok1\projserverside\node\node.cpp(102): warning C4101: 'nodeSender': unreferenced local variable
c:\users\zvezdana\documents\github\blok1\projserverside\node\node.cpp(109): warning C4101: 'messageToSend': unreferenced local variable
c:\users\zvezdana\documents\github\blok1\projserverside\node\node.cpp(110): warning C4101: 'size': unreferenced local variable
c:\users\zvezdana\documents\github\blok1\projserverside\node\node.cpp(102): warning C4101: 'nodeReceiver': unreferenced local variable
c:\users\zvezdana\documents\github\blok1\projserverside\node\node.cpp(295): warning C4996: 'inet_addr': Use inet_pton() or InetPton() instead or define _WINSOCK_DEPRECATED_NO_WARNINGS to disable deprecated API warnings
  c:\program files (x86)\windows kits\8.1\include\um\winsock2.h(1850): note: see declaration of 'inet_addr'
c:\users\zvezdana\documents\github\blok1\projserverside\node\node.cpp(306): warning C4996: 'scanf': This function or variable may be unsafe. Consider using scanf_s instead. To disable deprecation, use _CRT_SECURE_NO_WARNINGS. See online help for details.
  c:\program files (x86)\windows kits\10\include\10.0.10240.0\ucrt\stdio.h(1270): note: see declaration of 'scanf'
c:\users\zvezdana\documents\github\blok1\projserverside\node\node.cpp(319): warning C4473: 'scanf_s' : not enough arguments passed for format string
  c:\users\zvezdana\documents\github\blok1\projserverside\node\node.cpp(319): note: placeholders and their parameters expect 1 variadic arguments, but 0 were provided
  c:\users\zvezdana\documents\github\blok1\projserverside\node\node.cpp(319): note: the missing variadic argument 1 is required by format string '%d'
c:\users\zvezdana\documents\github\blok1\projserverside\node\node.cpp(262): warning C4101: 'sender_Id': unreferenced local variable
c:\users\zvezdana\documents\github\blok1\projserverside\node\node.cpp(261): warning C4101: 'sender': unreferenced local variable
c:\users\zvezdana\documents\github\blok1\projserverside\node\node.cpp(411): warning C4996: 'inet_addr': Use inet_pton() or InetPton() instead or define _WINSOCK_DEPRECATED_NO_WARNINGS to disable deprecated API warnings
  c:\program files (x86)\windows kits\8.1\include\um\winsock2.h(1850): note: see declaration of 'inet_addr'
c:\users\zvezdana\documents\github\blok1\projserverside\node\node.cpp(447): warning C4101: 'msgHeader': unreferenced local variable
c:\users\zvezdana\documents\github\blok1\projserverside\node\node.cpp(448): warning C4101: 'content': unreferenced local variable
c:\users\zvezdana\documents\github\blok1\projserverside\node\node.cpp(99): warning C4715: 'getFromMaster': not all control paths return a value
  WinSockServer.vcxproj -> C:\Users\Zvezdana\Documents\GitHub\blok1\ProjServerSide\Debug\Node.exe
  WinSockServer.vcxproj -> C:\Users\Zvezdana\Documents\GitHub\blok1\ProjServerSide\Debug\Node.pdb (Full PDB)
